C:\Program Files\Microsoft Visual Studio\2022\Community\MSBuild\Microsoft\VC\v170\Microsoft.CppBuild.targets(531,5): warning MSB8028: The intermediate directory (x64\Debug\) contains files shared from another project (test.vcxproj).  This can lead to incorrect clean and rebuild behavior.
  src.cpp
C:\Users\think\MetaKit\MetaKit\test\testCopying.cpp(358,67): error C2187: syntax error: 'remove_cvref_t' was unexpected here
  (compiling source file 'src.cpp')
      C:\Users\think\MetaKit\MetaKit\test\testCopying.cpp(356,18):
      This diagnostic occurred in the compiler generated function 'decltype(auto) Test::testing::Builder<configs...>::store_and_cast(T &&)'
      C:\Users\think\MetaKit\MetaKit\test\testCopying.cpp(358,67):
      the template instantiation context (the oldest one first) is
          C:\Users\think\MetaKit\MetaKit\test\testCopying.cpp(330,8):
          while compiling class template 'Test::testing::Builder'
  
C:\Users\think\MetaKit\MetaKit\test\testCopying.cpp(358,84): error C2760: syntax error: '*' was unexpected here; expected ';'
  (compiling source file 'src.cpp')
      C:\Users\think\MetaKit\MetaKit\test\testCopying.cpp(356,18):
      This diagnostic occurred in the compiler generated function 'decltype(auto) Test::testing::Builder<configs...>::store_and_cast(T &&)'
  
C:\Users\think\MetaKit\MetaKit\test\testCopying.cpp(358,85): error C2760: syntax error: '>' was unexpected here; expected 'expression'
  (compiling source file 'src.cpp')
      C:\Users\think\MetaKit\MetaKit\test\testCopying.cpp(356,18):
      This diagnostic occurred in the compiler generated function 'decltype(auto) Test::testing::Builder<configs...>::store_and_cast(T &&)'
  
C:\Users\think\MetaKit\MetaKit\test\testCopying.cpp(358,85): error C2760: syntax error: '>' was unexpected here; expected ';'
  (compiling source file 'src.cpp')
      C:\Users\think\MetaKit\MetaKit\test\testCopying.cpp(356,18):
      This diagnostic occurred in the compiler generated function 'decltype(auto) Test::testing::Builder<configs...>::store_and_cast(T &&)'
  
C:\Users\think\MetaKit\MetaKit\test\testCopying.cpp(358,85): error C2760: syntax error: '>' was unexpected here; expected '}'
  (compiling source file 'src.cpp')
      C:\Users\think\MetaKit\MetaKit\test\testCopying.cpp(356,18):
      This diagnostic occurred in the compiler generated function 'decltype(auto) Test::testing::Builder<configs...>::store_and_cast(T &&)'
  
C:\Users\think\MetaKit\MetaKit\test\testCopying.cpp(358,85): error C3878: syntax error: unexpected token '>' following 'statement'
  (compiling source file 'src.cpp')
      C:\Users\think\MetaKit\MetaKit\test\testCopying.cpp(356,18):
      This diagnostic occurred in the compiler generated function 'decltype(auto) Test::testing::Builder<configs...>::store_and_cast(T &&)'
  
C:\Users\think\MetaKit\MetaKit\test\testCopying.cpp(358,85): message : error recovery skipped: '>'
  (compiling source file 'src.cpp')
      C:\Users\think\MetaKit\MetaKit\test\testCopying.cpp(356,18):
      This diagnostic occurred in the compiler generated function 'decltype(auto) Test::testing::Builder<configs...>::store_and_cast(T &&)'
  
C:\Users\think\MetaKit\MetaKit\test\testCopying.cpp(358,87): error C2065: 'ptr': undeclared identifier
  (compiling source file 'src.cpp')
      C:\Users\think\MetaKit\MetaKit\test\testCopying.cpp(356,18):
      This diagnostic occurred in the compiler generated function 'decltype(auto) Test::testing::Builder<configs...>::store_and_cast(T &&)'
  
